<?xml version="1.0" encoding="UTF-8"?>
<!-- Generated by org.testng.reporters.JUnitReportReporter -->
<testsuite hostname="MOEXT_ASANTIBAN" name="Autorizacion.TC003_Consultar_Autorizacion" tests="1" failures="0" timestamp="24 Oct 2017 13:34:15 GMT" time="43.166" errors="0">
  <testcase name="Test" time="43.166" classname="Autorizacion.TC003_Consultar_Autorizacion"/>
</testsuite> <!-- Autorizacion.TC003_Consultar_Autorizacion -->
