<?xml version="1.0" encoding="UTF-8"?>
<!-- Generated by org.testng.reporters.JUnitReportReporter -->
<testsuite hostname="MOEXT_ASANTIBAN" name="Apertura.TC002_Apertura_Rechazada_Cuenta_Modulo_Apertura_Inmediata" tests="1" failures="0" timestamp="18 Oct 2017 20:22:48 GMT" time="17.373" errors="0">
  <testcase name="Test" time="17.373" classname="Apertura.TC002_Apertura_Rechazada_Cuenta_Modulo_Apertura_Inmediata"/>
</testsuite> <!-- Apertura.TC002_Apertura_Rechazada_Cuenta_Modulo_Apertura_Inmediata -->
