<?xml version="1.0" encoding="UTF-8"?>
<!-- Generated by org.testng.reporters.JUnitReportReporter -->
<testsuite skipped="0" hostname="MOEXT_ASANTIBAN" name="test.test" tests="1" failures="0" timestamp="16 oct 2017 23:32:26 GMT" time="1.375" errors="0">
  <testcase name="login" time="1.375" classname="test.test"/>
</testsuite> <!-- test.test -->
