<?xml version="1.0" encoding="UTF-8"?>
<!-- Generated by org.testng.reporters.JUnitReportReporter -->
<testsuite hostname="MOEXT_ASANTIBAN" name="Busqueda_Contrato.TC001_Atencion_Cliente_Busqueda_Contrato_PAN" tests="1" failures="0" timestamp="17 Oct 2017 14:19:07 GMT" time="43.086" errors="0">
  <testcase name="test" time="43.086" classname="Busqueda_Contrato.TC001_Atencion_Cliente_Busqueda_Contrato_PAN"/>
</testsuite> <!-- Busqueda_Contrato.TC001_Atencion_Cliente_Busqueda_Contrato_PAN -->
