<?xml version="1.0" encoding="UTF-8"?>
<!-- Generated by org.testng.reporters.JUnitReportReporter -->
<testsuite hostname="MOEXT_ASANTIBAN" name="Autorizacion.TC001_Liberacion_Autorizacion" tests="1" failures="0" timestamp="17 Oct 2017 20:38:34 GMT" time="89.979" errors="0">
  <testcase name="f" time="89.979" classname="Autorizacion.TC001_Liberacion_Autorizacion"/>
</testsuite> <!-- Autorizacion.TC001_Liberacion_Autorizacion -->
