<?xml version="1.0" encoding="UTF-8"?>
<!-- Generated by org.testng.reporters.JUnitReportReporter -->
<testsuite hostname="MOEXT_ASANTIBAN" name="test.Testing" tests="1" failures="0" timestamp="17 Oct 2017 14:08:54 GMT" time="10.984" errors="0">
  <testcase name="f" time="10.984" classname="test.Testing"/>
</testsuite> <!-- test.Testing -->
