<?xml version="1.0" encoding="UTF-8"?>
<!-- Generated by org.testng.reporters.JUnitReportReporter -->
<testsuite hostname="MOEXT_ASANTIBAN" name="Apertura.TC001_Aperturar_Cuenta_Modulo_Apertura_Inmediata" tests="1" failures="0" timestamp="23 Oct 2017 15:12:42 GMT" time="47.271" errors="0">
  <testcase name="Test" time="47.271" classname="Apertura.TC001_Aperturar_Cuenta_Modulo_Apertura_Inmediata"/>
</testsuite> <!-- Apertura.TC001_Aperturar_Cuenta_Modulo_Apertura_Inmediata -->
